test
Collecting git+https://github.com/cvnlab/GLMsingle.git
  Cloning https://github.com/cvnlab/GLMsingle.git to /tmp/pip-req-build-kmjmn3s1
  Resolved https://github.com/cvnlab/GLMsingle.git to commit c96337cf8b172cc7608df0782b8bdb84f930e5b9
  Installing build dependencies: started
  Installing build dependencies: finished with status 'done'
  Getting requirements to build wheel: started
  Getting requirements to build wheel: finished with status 'done'
  Preparing metadata (pyproject.toml): started
  Preparing metadata (pyproject.toml): finished with status 'done'
Requirement already satisfied: numpy in /mnt/cup/people/ri4541/fmri/lib/python3.9/site-packages (from GLMsingle==1.2) (1.26.4)
Requirement already satisfied: scipy in /mnt/cup/people/ri4541/fmri/lib/python3.9/site-packages (from GLMsingle==1.2) (1.13.1)
Requirement already satisfied: scikit-learn in /mnt/cup/people/ri4541/fmri/lib/python3.9/site-packages (from GLMsingle==1.2) (1.5.1)
Requirement already satisfied: matplotlib in /mnt/cup/people/ri4541/fmri/lib/python3.9/site-packages (from GLMsingle==1.2) (3.9.2)
Requirement already satisfied: tqdm in /mnt/cup/people/ri4541/fmri/lib/python3.9/site-packages (from GLMsingle==1.2) (4.66.5)
Requirement already satisfied: fracridge in /mnt/cup/people/ri4541/fmri/lib/python3.9/site-packages (from GLMsingle==1.2) (2.0)
Requirement already satisfied: nibabel in /mnt/cup/people/ri4541/fmri/lib/python3.9/site-packages (from GLMsingle==1.2) (5.2.1)
Requirement already satisfied: h5py in /mnt/cup/people/ri4541/fmri/lib/python3.9/site-packages (from GLMsingle==1.2) (3.11.0)
Requirement already satisfied: pandas in /mnt/cup/people/ri4541/fmri/lib/python3.9/site-packages (from GLMsingle==1.2) (2.2.2)
Requirement already satisfied: numba in /mnt/cup/people/ri4541/fmri/lib/python3.9/site-packages (from fracridge->GLMsingle==1.2) (0.60.0)
Requirement already satisfied: setuptools-scm in /mnt/cup/people/ri4541/fmri/lib/python3.9/site-packages (from fracridge->GLMsingle==1.2) (8.1.0)
Requirement already satisfied: pillow in /mnt/cup/people/ri4541/fmri/lib/python3.9/site-packages (from fracridge->GLMsingle==1.2) (10.4.0)
Requirement already satisfied: contourpy>=1.0.1 in /mnt/cup/people/ri4541/fmri/lib/python3.9/site-packages (from matplotlib->GLMsingle==1.2) (1.2.1)
Requirement already satisfied: cycler>=0.10 in /mnt/cup/people/ri4541/fmri/lib/python3.9/site-packages (from matplotlib->GLMsingle==1.2) (0.12.1)
Requirement already satisfied: fonttools>=4.22.0 in /mnt/cup/people/ri4541/fmri/lib/python3.9/site-packages (from matplotlib->GLMsingle==1.2) (4.53.1)
Requirement already satisfied: kiwisolver>=1.3.1 in /mnt/cup/people/ri4541/fmri/lib/python3.9/site-packages (from matplotlib->GLMsingle==1.2) (1.4.5)
Requirement already satisfied: packaging>=20.0 in /mnt/cup/people/ri4541/fmri/lib/python3.9/site-packages (from matplotlib->GLMsingle==1.2) (24.1)
Requirement already satisfied: pyparsing>=2.3.1 in /mnt/cup/people/ri4541/fmri/lib/python3.9/site-packages (from matplotlib->GLMsingle==1.2) (3.1.2)
Requirement already satisfied: python-dateutil>=2.7 in /mnt/cup/people/ri4541/fmri/lib/python3.9/site-packages (from matplotlib->GLMsingle==1.2) (2.9.0.post0)
Requirement already satisfied: importlib-resources>=3.2.0 in /mnt/cup/people/ri4541/fmri/lib/python3.9/site-packages (from matplotlib->GLMsingle==1.2) (6.4.0)
Requirement already satisfied: pytz>=2020.1 in /mnt/cup/people/ri4541/fmri/lib/python3.9/site-packages (from pandas->GLMsingle==1.2) (2024.1)
Requirement already satisfied: tzdata>=2022.7 in /mnt/cup/people/ri4541/fmri/lib/python3.9/site-packages (from pandas->GLMsingle==1.2) (2024.1)
Requirement already satisfied: joblib>=1.2.0 in /mnt/cup/people/ri4541/fmri/lib/python3.9/site-packages (from scikit-learn->GLMsingle==1.2) (1.4.2)
Requirement already satisfied: threadpoolctl>=3.1.0 in /mnt/cup/people/ri4541/fmri/lib/python3.9/site-packages (from scikit-learn->GLMsingle==1.2) (3.5.0)
Requirement already satisfied: zipp>=3.1.0 in /mnt/cup/people/ri4541/fmri/lib/python3.9/site-packages (from importlib-resources>=3.2.0->matplotlib->GLMsingle==1.2) (3.20.0)
Requirement already satisfied: six>=1.5 in /mnt/cup/people/ri4541/fmri/lib/python3.9/site-packages (from python-dateutil>=2.7->matplotlib->GLMsingle==1.2) (1.16.0)
Requirement already satisfied: llvmlite<0.44,>=0.43.0dev0 in /mnt/cup/people/ri4541/fmri/lib/python3.9/site-packages (from numba->fracridge->GLMsingle==1.2) (0.43.0)
Requirement already satisfied: setuptools in /mnt/cup/people/ri4541/fmri/lib/python3.9/site-packages (from setuptools-scm->fracridge->GLMsingle==1.2) (53.0.0)
Requirement already satisfied: typing-extensions in /mnt/cup/people/ri4541/fmri/lib/python3.9/site-packages (from setuptools-scm->fracridge->GLMsingle==1.2) (4.12.2)
Requirement already satisfied: tomli>=1 in /mnt/cup/people/ri4541/fmri/lib/python3.9/site-packages (from setuptools-scm->fracridge->GLMsingle==1.2) (2.0.1)
