test
Collecting git+https://github.com/cvnlab/GLMsingle.git
  Cloning https://github.com/cvnlab/GLMsingle.git to /tmp/pip-req-build-kmjmn3s1
  Resolved https://github.com/cvnlab/GLMsingle.git to commit c96337cf8b172cc7608df0782b8bdb84f930e5b9
  Installing build dependencies: started
  Installing build dependencies: finished with status 'done'
  Getting requirements to build wheel: started
  Getting requirements to build wheel: finished with status 'done'
  Preparing metadata (pyproject.toml): started
  Preparing metadata (pyproject.toml): finished with status 'done'
Requirement already satisfied: numpy in /mnt/cup/people/ri4541/fmri/lib/python3.9/site-packages (from GLMsingle==1.2) (1.26.4)
Requirement already satisfied: scipy in /mnt/cup/people/ri4541/fmri/lib/python3.9/site-packages (from GLMsingle==1.2) (1.13.1)
Requirement already satisfied: scikit-learn in /mnt/cup/people/ri4541/fmri/lib/python3.9/site-packages (from GLMsingle==1.2) (1.5.1)
Requirement already satisfied: matplotlib in /mnt/cup/people/ri4541/fmri/lib/python3.9/site-packages (from GLMsingle==1.2) (3.9.2)
Requirement already satisfied: tqdm in /mnt/cup/people/ri4541/fmri/lib/python3.9/site-packages (from GLMsingle==1.2) (4.66.5)
Requirement already satisfied: fracridge in /mnt/cup/people/ri4541/fmri/lib/python3.9/site-packages (from GLMsingle==1.2) (2.0)
Requirement already satisfied: nibabel in /mnt/cup/people/ri4541/fmri/lib/python3.9/site-packages (from GLMsingle==1.2) (5.2.1)
Requirement already satisfied: h5py in /mnt/cup/people/ri4541/fmri/lib/python3.9/site-packages (from GLMsingle==1.2) (3.11.0)
Requirement already satisfied: pandas in /mnt/cup/people/ri4541/fmri/lib/python3.9/site-packages (from GLMsingle==1.2) (2.2.2)
Requirement already satisfied: numba in /mnt/cup/people/ri4541/fmri/lib/python3.9/site-packages (from fracridge->GLMsingle==1.2) (0.60.0)
Requirement already satisfied: setuptools-scm in /mnt/cup/people/ri4541/fmri/lib/python3.9/site-packages (from fracridge->GLMsingle==1.2) (8.1.0)
Requirement already satisfied: pillow in /mnt/cup/people/ri4541/fmri/lib/python3.9/site-packages (from fracridge->GLMsingle==1.2) (10.4.0)
Requirement already satisfied: contourpy>=1.0.1 in /mnt/cup/people/ri4541/fmri/lib/python3.9/site-packages (from matplotlib->GLMsingle==1.2) (1.2.1)
Requirement already satisfied: cycler>=0.10 in /mnt/cup/people/ri4541/fmri/lib/python3.9/site-packages (from matplotlib->GLMsingle==1.2) (0.12.1)
Requirement already satisfied: fonttools>=4.22.0 in /mnt/cup/people/ri4541/fmri/lib/python3.9/site-packages (from matplotlib->GLMsingle==1.2) (4.53.1)
Requirement already satisfied: kiwisolver>=1.3.1 in /mnt/cup/people/ri4541/fmri/lib/python3.9/site-packages (from matplotlib->GLMsingle==1.2) (1.4.5)
Requirement already satisfied: packaging>=20.0 in /mnt/cup/people/ri4541/fmri/lib/python3.9/site-packages (from matplotlib->GLMsingle==1.2) (24.1)
Requirement already satisfied: pyparsing>=2.3.1 in /mnt/cup/people/ri4541/fmri/lib/python3.9/site-packages (from matplotlib->GLMsingle==1.2) (3.1.2)
Requirement already satisfied: python-dateutil>=2.7 in /mnt/cup/people/ri4541/fmri/lib/python3.9/site-packages (from matplotlib->GLMsingle==1.2) (2.9.0.post0)
Requirement already satisfied: importlib-resources>=3.2.0 in /mnt/cup/people/ri4541/fmri/lib/python3.9/site-packages (from matplotlib->GLMsingle==1.2) (6.4.0)
Requirement already satisfied: pytz>=2020.1 in /mnt/cup/people/ri4541/fmri/lib/python3.9/site-packages (from pandas->GLMsingle==1.2) (2024.1)
Requirement already satisfied: tzdata>=2022.7 in /mnt/cup/people/ri4541/fmri/lib/python3.9/site-packages (from pandas->GLMsingle==1.2) (2024.1)
Requirement already satisfied: joblib>=1.2.0 in /mnt/cup/people/ri4541/fmri/lib/python3.9/site-packages (from scikit-learn->GLMsingle==1.2) (1.4.2)
Requirement already satisfied: threadpoolctl>=3.1.0 in /mnt/cup/people/ri4541/fmri/lib/python3.9/site-packages (from scikit-learn->GLMsingle==1.2) (3.5.0)
Requirement already satisfied: zipp>=3.1.0 in /mnt/cup/people/ri4541/fmri/lib/python3.9/site-packages (from importlib-resources>=3.2.0->matplotlib->GLMsingle==1.2) (3.20.0)
Requirement already satisfied: six>=1.5 in /mnt/cup/people/ri4541/fmri/lib/python3.9/site-packages (from python-dateutil>=2.7->matplotlib->GLMsingle==1.2) (1.16.0)
Requirement already satisfied: llvmlite<0.44,>=0.43.0dev0 in /mnt/cup/people/ri4541/fmri/lib/python3.9/site-packages (from numba->fracridge->GLMsingle==1.2) (0.43.0)
Requirement already satisfied: setuptools in /mnt/cup/people/ri4541/fmri/lib/python3.9/site-packages (from setuptools-scm->fracridge->GLMsingle==1.2) (53.0.0)
Requirement already satisfied: typing-extensions in /mnt/cup/people/ri4541/fmri/lib/python3.9/site-packages (from setuptools-scm->fracridge->GLMsingle==1.2) (4.12.2)
Requirement already satisfied: tomli>=1 in /mnt/cup/people/ri4541/fmri/lib/python3.9/site-packages (from setuptools-scm->fracridge->GLMsingle==1.2) (2.0.1)
directory to load preprocessed data from:
	/jukebox/norman/rsiyer/rtmindeye/data_correct/bids/derivatives/fmriprep/sub-001

directory to save outputs:
	/jukebox/norman/rsiyer/rtmindeye/data_correct/bids/derivatives/glmsingle/sub-001

/jukebox/norman/rsiyer/rtmindeye/data_correct/bids/../design/csv/sub-001_ses-02.csv
len_unique_images 709
n_runs 16
['all_stimuli/special515/special_40840.jpg'
 'all_stimuli/unchosen_nsd_1000_images/unchosen_5137_cocoid_57944.png'
 'all_stimuli/shared1000_notspecial/notspecial_38278.png'
 'all_stimuli/special515/special_30632.jpg']
[658.05201488 662.06546921 666.06833092 670.06900812]
[0. 0. 0. 0.]
run = 0
run = 1
run = 2
run = 3
run = 4
run = 5
run = 6
run = 7
run = 8
run = 9
run = 10
run = 11
run = 12
run = 13
run = 14
run = 15
Loading average brain mask: /jukebox/norman/rsiyer/rtmindeye/data_correct/bids/derivatives/masks/sub-001/sub-001_brain_multi.nii.gz

Mask dimensions: (1.8, 1.8, 1.8)

Affine:
[[  1.79999995   0.           0.         -71.30000305]
 [  0.           1.79999995   0.         -78.40000153]
 [  0.           0.           1.79999995 -47.80000305]
 [  0.           0.           0.           1.        ]]

There are 186947.0 voxels in the included brain mask

checking epi data for run 1: /jukebox/norman/rsiyer/rtmindeye/data_correct/bids/derivatives/fmriprep/sub-001/ses-02/func/sub-001_ses-02_task-study_run-01_space-T1w_desc-preproc_bold.nii.gz

Dimensions: (1.8, 1.8, 1.8, 1.8)
Affine:
[[  1.79999995   0.           0.         -71.30000305]
 [  0.           1.79999995   0.         -78.40000153]
 [  0.           0.           1.79999995 -47.80000305]
 [  0.           0.           0.           1.        ]]

(78, 102, 78)
(78, 102, 78, 156)

*** Loading data from /jukebox/norman/rsiyer/rtmindeye/data_correct/bids/derivatives/glmsingle/sub-001/sub-001_ses-02_task-study_run-01_2D_bold.npy ***

BOLD data shape: (186947, 156)
TRs in this run: 156

*** Loading data from /jukebox/norman/rsiyer/rtmindeye/data_correct/bids/derivatives/glmsingle/sub-001/sub-001_ses-02_task-study_run-02_2D_bold.npy ***

BOLD data shape: (186947, 156)
TRs in this run: 156

*** Loading data from /jukebox/norman/rsiyer/rtmindeye/data_correct/bids/derivatives/glmsingle/sub-001/sub-001_ses-02_task-study_run-03_2D_bold.npy ***

BOLD data shape: (186947, 156)
TRs in this run: 156

*** Loading data from /jukebox/norman/rsiyer/rtmindeye/data_correct/bids/derivatives/glmsingle/sub-001/sub-001_ses-02_task-study_run-04_2D_bold.npy ***

BOLD data shape: (186947, 156)
TRs in this run: 156

*** Loading data from /jukebox/norman/rsiyer/rtmindeye/data_correct/bids/derivatives/glmsingle/sub-001/sub-001_ses-02_task-study_run-05_2D_bold.npy ***

BOLD data shape: (186947, 156)
TRs in this run: 156

*** Loading data from /jukebox/norman/rsiyer/rtmindeye/data_correct/bids/derivatives/glmsingle/sub-001/sub-001_ses-02_task-study_run-06_2D_bold.npy ***

BOLD data shape: (186947, 156)
TRs in this run: 156

*** Loading data from /jukebox/norman/rsiyer/rtmindeye/data_correct/bids/derivatives/glmsingle/sub-001/sub-001_ses-02_task-study_run-07_2D_bold.npy ***

BOLD data shape: (186947, 156)
TRs in this run: 156

*** Loading data from /jukebox/norman/rsiyer/rtmindeye/data_correct/bids/derivatives/glmsingle/sub-001/sub-001_ses-02_task-study_run-08_2D_bold.npy ***

BOLD data shape: (186947, 156)
TRs in this run: 156

*** Loading data from /jukebox/norman/rsiyer/rtmindeye/data_correct/bids/derivatives/glmsingle/sub-001/sub-001_ses-02_task-study_run-09_2D_bold.npy ***

BOLD data shape: (186947, 156)
TRs in this run: 156

*** Loading data from /jukebox/norman/rsiyer/rtmindeye/data_correct/bids/derivatives/glmsingle/sub-001/sub-001_ses-02_task-study_run-010_2D_bold.npy ***

BOLD data shape: (186947, 156)
TRs in this run: 156

*** Loading data from /jukebox/norman/rsiyer/rtmindeye/data_correct/bids/derivatives/glmsingle/sub-001/sub-001_ses-02_task-study_run-011_2D_bold.npy ***

BOLD data shape: (186947, 156)
TRs in this run: 156

*** Loading data from /jukebox/norman/rsiyer/rtmindeye/data_correct/bids/derivatives/glmsingle/sub-001/sub-001_ses-02_task-study_run-012_2D_bold.npy ***

BOLD data shape: (186947, 156)
TRs in this run: 156

*** Loading data from /jukebox/norman/rsiyer/rtmindeye/data_correct/bids/derivatives/glmsingle/sub-001/sub-001_ses-02_task-study_run-013_2D_bold.npy ***

BOLD data shape: (186947, 156)
TRs in this run: 156

*** Loading data from /jukebox/norman/rsiyer/rtmindeye/data_correct/bids/derivatives/glmsingle/sub-001/sub-001_ses-02_task-study_run-014_2D_bold.npy ***

BOLD data shape: (186947, 156)
TRs in this run: 156

*** Loading data from /jukebox/norman/rsiyer/rtmindeye/data_correct/bids/derivatives/glmsingle/sub-001/sub-001_ses-02_task-study_run-015_2D_bold.npy ***

BOLD data shape: (186947, 156)
TRs in this run: 156

*** Loading data from /jukebox/norman/rsiyer/rtmindeye/data_correct/bids/derivatives/glmsingle/sub-001/sub-001_ses-02_task-study_run-016_2D_bold.npy ***

BOLD data shape: (186947, 156)
TRs in this run: 156

number of runs in BOLD data: 16

*** Loading data from /jukebox/norman/rsiyer/rtmindeye/data_correct/bids/derivatives/glmsingle/sub-001/sub-001_ses-02_task-study_run-01_2D_upsampled_bold.npy ***

BOLD data shape: (186947, 281)
TRs in this run: 281

*** Loading data from /jukebox/norman/rsiyer/rtmindeye/data_correct/bids/derivatives/glmsingle/sub-001/sub-001_ses-02_task-study_run-02_2D_upsampled_bold.npy ***

BOLD data shape: (186947, 281)
TRs in this run: 281

*** Loading data from /jukebox/norman/rsiyer/rtmindeye/data_correct/bids/derivatives/glmsingle/sub-001/sub-001_ses-02_task-study_run-03_2D_upsampled_bold.npy ***

BOLD data shape: (186947, 281)
TRs in this run: 281

*** Loading data from /jukebox/norman/rsiyer/rtmindeye/data_correct/bids/derivatives/glmsingle/sub-001/sub-001_ses-02_task-study_run-04_2D_upsampled_bold.npy ***

BOLD data shape: (186947, 281)
TRs in this run: 281

*** Loading data from /jukebox/norman/rsiyer/rtmindeye/data_correct/bids/derivatives/glmsingle/sub-001/sub-001_ses-02_task-study_run-05_2D_upsampled_bold.npy ***

BOLD data shape: (186947, 281)
TRs in this run: 281

*** Loading data from /jukebox/norman/rsiyer/rtmindeye/data_correct/bids/derivatives/glmsingle/sub-001/sub-001_ses-02_task-study_run-06_2D_upsampled_bold.npy ***

BOLD data shape: (186947, 281)
TRs in this run: 281

*** Loading data from /jukebox/norman/rsiyer/rtmindeye/data_correct/bids/derivatives/glmsingle/sub-001/sub-001_ses-02_task-study_run-07_2D_upsampled_bold.npy ***

BOLD data shape: (186947, 281)
TRs in this run: 281

*** Loading data from /jukebox/norman/rsiyer/rtmindeye/data_correct/bids/derivatives/glmsingle/sub-001/sub-001_ses-02_task-study_run-08_2D_upsampled_bold.npy ***

BOLD data shape: (186947, 281)
TRs in this run: 281

*** Loading data from /jukebox/norman/rsiyer/rtmindeye/data_correct/bids/derivatives/glmsingle/sub-001/sub-001_ses-02_task-study_run-09_2D_upsampled_bold.npy ***

BOLD data shape: (186947, 281)
TRs in this run: 281

*** Loading data from /jukebox/norman/rsiyer/rtmindeye/data_correct/bids/derivatives/glmsingle/sub-001/sub-001_ses-02_task-study_run-010_2D_upsampled_bold.npy ***

BOLD data shape: (186947, 281)
TRs in this run: 281

*** Loading data from /jukebox/norman/rsiyer/rtmindeye/data_correct/bids/derivatives/glmsingle/sub-001/sub-001_ses-02_task-study_run-011_2D_upsampled_bold.npy ***

BOLD data shape: (186947, 281)
TRs in this run: 281

*** Loading data from /jukebox/norman/rsiyer/rtmindeye/data_correct/bids/derivatives/glmsingle/sub-001/sub-001_ses-02_task-study_run-012_2D_upsampled_bold.npy ***

BOLD data shape: (186947, 281)
TRs in this run: 281

*** Loading data from /jukebox/norman/rsiyer/rtmindeye/data_correct/bids/derivatives/glmsingle/sub-001/sub-001_ses-02_task-study_run-013_2D_upsampled_bold.npy ***

BOLD data shape: (186947, 281)
TRs in this run: 281

*** Loading data from /jukebox/norman/rsiyer/rtmindeye/data_correct/bids/derivatives/glmsingle/sub-001/sub-001_ses-02_task-study_run-014_2D_upsampled_bold.npy ***

BOLD data shape: (186947, 281)
TRs in this run: 281

*** Loading data from /jukebox/norman/rsiyer/rtmindeye/data_correct/bids/derivatives/glmsingle/sub-001/sub-001_ses-02_task-study_run-015_2D_upsampled_bold.npy ***

BOLD data shape: (186947, 281)
TRs in this run: 281

*** Loading data from /jukebox/norman/rsiyer/rtmindeye/data_correct/bids/derivatives/glmsingle/sub-001/sub-001_ses-02_task-study_run-016_2D_upsampled_bold.npy ***

BOLD data shape: (186947, 281)
TRs in this run: 281

number of runs in upsampled BOLD data: 16
There are 16 runs in total

XYZ dimensionality is: (78, 102, 78)

The dimensions of the 2D data for each run are:
 (186947, 281)
 (186947, 281)
 (186947, 281)
 (186947, 281)
 (186947, 281)
 (186947, 281)
 (186947, 281)
 (186947, 281)
The stimulus duration is 3 seconds

The TR is 1 seconds

There are 186947.0 voxels in the included brain mask

Numeric precision of data is: <class 'numpy.float32'>

{'R2thresh': 0,
 'brainR2': [],
 'brainexclude': False,
 'brainthresh': [99.0, 0.1],
 'chunklen': 50000,
 'extra_regressors': False,
 'fracs': array([1.  , 0.95, 0.9 , 0.85, 0.8 , 0.75, 0.7 , 0.65, 0.6 , 0.55, 0.5 ,
       0.45, 0.4 , 0.35, 0.3 , 0.25, 0.2 , 0.15, 0.1 , 0.05]),
 'hrffitmask': 1,
 'hrfmodel': 'optimise',
 'hrfthresh': 0.5,
 'lambda': 0,
 'n_boots': 100,
 'n_jobs': 1,
 'n_pcs': 10,
 'numforhrf': 50,
 'pcR2cutoff': [],
 'pcR2cutoffmask': 1,
 'pcstop': 1.05,
 'seed': 1727203644.9231014,
 'suppressoutput': 0,
 'wantautoscale': 1,
 'wantfileoutputs': [0, 0, 0, 1],
 'wantfracridge': 1,
 'wantglmdenoise': 1,
 'wanthdf5': 0,
 'wantlibrary': 1,
 'wantlss': 0,
 'wantmemoryoutputs': [1, 1, 1, 1],
 'wantparametric': 0,
 'wantpercentbold': 1}
shape of data before running GLMsingle:
(186947, 281)
shape of design matrix:
(281, 709)
saving outputs to /jukebox/norman/rsiyer/rtmindeye/data_correct/bids/derivatives/glmsingle/sub-001/glmsingle_ses-02
running GLMsingle...
*** DIAGNOSTICS ***:
There are 16 runs.
The number of conditions in this experiment is 709.
The stimulus duration corresponding to each trial is 3.00 seconds.
The TR (time between successive data points) is 1.00 seconds.
The number of trials in each run is: [63, 63, 63, 63, 63, 63, 63, 63, 63, 63, 63, 63, 63, 63, 63, 63].
The number of trials for each condition is: [3, 3, 3, 3, 3, 3, 3, 3, 3, 3, 3, 3, 3, 3, 3, 3, 3, 3, 3, 3, 3, 3, 3, 3, 3, 3, 3, 3, 3, 3, 3, 3, 3, 3, 3, 3, 3, 3, 3, 3, 3, 3, 3, 3, 3, 3, 3, 3, 3, 3, 1, 1, 1, 1, 1, 1, 1, 1, 1, 1, 1, 1, 1, 1, 1, 1, 1, 1, 1, 1, 1, 1, 1, 1, 1, 1, 1, 1, 1, 1, 1, 1, 1, 1, 1, 1, 1, 1, 1, 1, 1, 1, 1, 1, 1, 1, 1, 1, 1, 1, 1, 1, 1, 1, 1, 1, 1, 1, 1, 1, 1, 1, 1, 1, 1, 1, 1, 1, 1, 1, 1, 1, 1, 1, 1, 1, 1, 1, 1, 1, 1, 1, 1, 1, 1, 1, 1, 1, 1, 1, 1, 1, 1, 1, 1, 1, 1, 1, 1, 1, 1, 1, 1, 1, 1, 1, 1, 1, 1, 1, 1, 1, 1, 1, 1, 1, 1, 1, 1, 1, 1, 1, 1, 1, 1, 1, 1, 1, 1, 1, 1, 1, 1, 1, 1, 1, 1, 1, 1, 1, 1, 1, 1, 1, 1, 1, 1, 1, 1, 1, 1, 1, 1, 1, 1, 1, 1, 1, 1, 1, 1, 3, 1, 1, 1, 3, 1, 3, 1, 1, 3, 1, 1, 1, 3, 3, 3, 1, 1, 1, 1, 3, 1, 3, 1, 3, 1, 1, 1, 3, 1, 1, 3, 1, 1, 1, 1, 1, 1, 3, 3, 1, 1, 1, 3, 1, 1, 1, 1, 1, 1, 1, 1, 1, 1, 1, 1, 1, 1, 1, 1, 1, 3, 1, 1, 3, 1, 1, 1, 3, 3, 1, 1, 1, 1, 3, 1, 1, 1, 1, 1, 1, 1, 1, 1, 3, 1, 1, 3, 1, 1, 1, 1, 3, 1, 1, 1, 1, 1, 1, 1, 1, 3, 3, 1, 1, 3, 1, 3, 1, 1, 1, 3, 3, 1, 3, 1, 1, 3, 1, 1, 1, 1, 1, 1, 3, 1, 1, 1, 3, 1, 3, 1, 3, 1, 1, 1, 1, 1, 3, 1, 1, 1, 1, 1, 1, 1, 1, 3, 1, 1, 1, 1, 3, 3, 3, 1, 1, 1, 1, 1, 1, 1, 1, 3, 3, 1, 1, 1, 3, 1, 3, 1, 1, 1, 1, 3, 1, 1, 3, 1, 1, 1, 1, 1, 1, 3, 3, 3, 3, 1, 1, 1, 1, 3, 1, 1, 1, 3, 3, 1, 1, 3, 1, 1, 1, 1, 3, 1, 1, 3, 1, 1, 1, 1, 1, 1, 1, 1, 1, 1, 1, 1, 3, 1, 1, 1, 1, 1, 1, 1, 1, 1, 1, 1, 1, 1, 3, 1, 1, 1, 3, 3, 1, 1, 1, 3, 1, 1, 1, 1, 1, 1, 1, 3, 3, 1, 1, 1, 3, 1, 1, 1, 1, 1, 1, 3, 1, 1, 1, 1, 1, 1, 1, 1, 3, 3, 1, 1, 1, 1, 1, 1, 1, 1, 1, 3, 1, 1, 1, 1, 1, 1, 3, 3, 1, 3, 3, 1, 1, 1, 1, 1, 1, 1, 1, 1, 1, 1, 3, 1, 3, 3, 3, 1, 1, 1, 1, 1, 1, 1, 3, 1, 1, 1, 1, 1, 1, 3, 3, 3, 1, 3, 1, 1, 1, 1, 1, 1, 1, 1, 3, 1, 3, 3, 1, 1, 1, 1, 1, 3, 1, 1, 1, 1, 1, 1, 1, 3, 1, 1, 1, 1, 1, 1, 3, 3, 1, 1, 1, 3, 3, 1, 1, 1, 3, 1, 3, 1, 1, 1, 3, 1, 1, 1, 1, 1, 3, 1, 1, 1, 1, 3, 1, 3, 1, 1, 1, 3, 1, 1, 1, 1, 1, 1, 1, 1, 1, 1, 1, 1, 3, 3, 1, 3, 1, 1, 1, 1, 1, 1, 1, 1, 1, 1, 1, 1, 1, 1, 1, 1, 1, 1, 1, 1, 1, 1, 1, 1, 1, 1, 1, 1, 1, 1, 1, 1, 1, 1, 1, 1, 1, 1, 1, 1, 1, 1, 1, 1, 1, 1, 1, 1, 1, 1, 1, 1, 1, 1, 1, 1, 1, 1, 1, 1, 1, 1, 1, 1, 1, 1, 1, 1, 1, 1, 1, 1, 1, 1, 1, 1, 1, 1, 1, 1, 1, 1, 1, 0].
For each condition, the number of runs in which it appears: [3, 3, 2, 3, 3, 3, 3, 3, 3, 3, 3, 3, 3, 3, 3, 3, 3, 3, 2, 3, 2, 3, 2, 3, 3, 3, 3, 3, 3, 3, 3, 3, 3, 3, 3, 3, 3, 3, 3, 2, 2, 3, 3, 3, 3, 3, 3, 3, 3, 3, 1, 1, 1, 1, 1, 1, 1, 1, 1, 1, 1, 1, 1, 1, 1, 1, 1, 1, 1, 1, 1, 1, 1, 1, 1, 1, 1, 1, 1, 1, 1, 1, 1, 1, 1, 1, 1, 1, 1, 1, 1, 1, 1, 1, 1, 1, 1, 1, 1, 1, 1, 1, 1, 1, 1, 1, 1, 1, 1, 1, 1, 1, 1, 1, 1, 1, 1, 1, 1, 1, 1, 1, 1, 1, 1, 1, 1, 1, 1, 1, 1, 1, 1, 1, 1, 1, 1, 1, 1, 1, 1, 1, 1, 1, 1, 1, 1, 1, 1, 1, 1, 1, 1, 1, 1, 1, 1, 1, 1, 1, 1, 1, 1, 1, 1, 1, 1, 1, 1, 1, 1, 1, 1, 1, 1, 1, 1, 1, 1, 1, 1, 1, 1, 1, 1, 1, 1, 1, 1, 1, 1, 1, 1, 1, 1, 1, 1, 1, 1, 1, 1, 1, 1, 1, 1, 1, 1, 1, 1, 1, 1, 2, 1, 1, 1, 3, 1, 3, 1, 1, 3, 1, 1, 1, 3, 3, 3, 1, 1, 1, 1, 3, 1, 3, 1, 3, 1, 1, 1, 3, 1, 1, 3, 1, 1, 1, 1, 1, 1, 3, 3, 1, 1, 1, 3, 1, 1, 1, 1, 1, 1, 1, 1, 1, 1, 1, 1, 1, 1, 1, 1, 1, 3, 1, 1, 3, 1, 1, 1, 3, 2, 1, 1, 1, 1, 3, 1, 1, 1, 1, 1, 1, 1, 1, 1, 2, 1, 1, 3, 1, 1, 1, 1, 3, 1, 1, 1, 1, 1, 1, 1, 1, 2, 3, 1, 1, 3, 1, 3, 1, 1, 1, 3, 3, 1, 3, 1, 1, 3, 1, 1, 1, 1, 1, 1, 2, 1, 1, 1, 3, 1, 3, 1, 3, 1, 1, 1, 1, 1, 3, 1, 1, 1, 1, 1, 1, 1, 1, 3, 1, 1, 1, 1, 3, 3, 2, 1, 1, 1, 1, 1, 1, 1, 1, 3, 3, 1, 1, 1, 3, 1, 3, 1, 1, 1, 1, 3, 1, 1, 2, 1, 1, 1, 1, 1, 1, 2, 3, 3, 2, 1, 1, 1, 1, 3, 1, 1, 1, 3, 3, 1, 1, 3, 1, 1, 1, 1, 3, 1, 1, 3, 1, 1, 1, 1, 1, 1, 1, 1, 1, 1, 1, 1, 3, 1, 1, 1, 1, 1, 1, 1, 1, 1, 1, 1, 1, 1, 3, 1, 1, 1, 3, 3, 1, 1, 1, 3, 1, 1, 1, 1, 1, 1, 1, 3, 2, 1, 1, 1, 3, 1, 1, 1, 1, 1, 1, 3, 1, 1, 1, 1, 1, 1, 1, 1, 3, 3, 1, 1, 1, 1, 1, 1, 1, 1, 1, 3, 1, 1, 1, 1, 1, 1, 3, 3, 1, 3, 3, 1, 1, 1, 1, 1, 1, 1, 1, 1, 1, 1, 3, 1, 2, 3, 3, 1, 1, 1, 1, 1, 1, 1, 2, 1, 1, 1, 1, 1, 1, 3, 3, 3, 1, 3, 1, 1, 1, 1, 1, 1, 1, 1, 3, 1, 3, 3, 1, 1, 1, 1, 1, 3, 1, 1, 1, 1, 1, 1, 1, 3, 1, 1, 1, 1, 1, 1, 3, 3, 1, 1, 1, 3, 3, 1, 1, 1, 3, 1, 3, 1, 1, 1, 3, 1, 1, 1, 1, 1, 3, 1, 1, 1, 1, 2, 1, 2, 1, 1, 1, 3, 1, 1, 1, 1, 1, 1, 1, 1, 1, 1, 1, 1, 3, 3, 1, 3, 1, 1, 1, 1, 1, 1, 1, 1, 1, 1, 1, 1, 1, 1, 1, 1, 1, 1, 1, 1, 1, 1, 1, 1, 1, 1, 1, 1, 1, 1, 1, 1, 1, 1, 1, 1, 1, 1, 1, 1, 1, 1, 1, 1, 1, 1, 1, 1, 1, 1, 1, 1, 1, 1, 1, 1, 1, 1, 1, 1, 1, 1, 1, 1, 1, 1, 1, 1, 1, 1, 1, 1, 1, 1, 1, 1, 1, 1, 1, 1, 1, 1, 1, 0].
For each run, how much ending buffer do we have in seconds? [12, 12, 12, 12, 12, 12, 12, 12, 12, 12, 12, 12, 12, 12, 12, 12].
*** Saving design-related results to /jukebox/norman/rsiyer/rtmindeye/data_correct/bids/derivatives/glmsingle/sub-001/glmsingle_ses-02/DESIGNINFO.npy. ***
*** FITTING DIAGNOSTIC RUN-WISE FIR MODEL ***
*** Saving FIR results to /jukebox/norman/rsiyer/rtmindeye/data_correct/bids/derivatives/glmsingle/sub-001/glmsingle_ses-02/RUNWISEFIR.npy. ***

*** FITTING TYPE-A MODEL (ONOFF) ***

fitting model...
done.

preparing output...
done.

computing model fits...
done.

computing R^2...
done.

computing SNR...
done.

*** Setting brain R2 threshold to 0.2959973905908432 ***

*** FITTING TYPE-B MODEL (FITHRF) ***

