[22;0t]0;IPython: code/analysisdirectory to load preprocessed data from:
	/jukebox/norman/rsiyer/rtmindeye/data/bids/derivatives/fmriprep/sub-003

directory to save outputs:
	/jukebox/norman/rsiyer/rtmindeye/data/bids/derivatives/glmsingle/sub-003

[0;31m---------------------------------------------------------------------------[0m
[0;31mFileNotFoundError[0m                         Traceback (most recent call last)
[0;32m/mnt/cup/labs/norman/rsiyer/rtmindeye/code/analysis/GLMsingle.py[0m in [0;36m<module>[0;34m[0m
[1;32m    177[0m [0;32melif[0m [0;34m([0m[0msub[0m[0;34m==[0m[0;34m'sub-001'[0m [0;32mand[0m [0msession[0m [0;32min[0m [0;34m([0m[0;34m'ses-02'[0m[0;34m,[0m [0;34m'ses-03'[0m[0;34m,[0m [0;34m'ses-04'[0m[0;34m)[0m[0;34m)[0m [0;32mor[0m [0msub[0m[0;34m==[0m[0;34m'sub-003'[0m[0;34m:[0m[0;34m[0m[0;34m[0m[0m
[1;32m    178[0m     [0mfilename[0m [0;34m=[0m [0;34mf"{designdir}csv/{sub}_{session}.csv"[0m[0;34m[0m[0;34m[0m[0m
[0;32m--> 179[0;31m     [0mdata[0m [0;34m=[0m [0mpd[0m[0;34m.[0m[0mread_csv[0m[0;34m([0m[0mfilename[0m[0;34m)[0m[0;34m[0m[0;34m[0m[0m
[0m[1;32m    180[0m     [0mstarts[0m [0;34m=[0m [0mdata[0m[0;34m[[0m[0;34m'trial.started'[0m[0;34m][0m[0;34m.[0m[0mvalues[0m[0;34m[[0m[0;36m14[0m[0;34m:[0m[0;34m][0m[0;34m[0m[0;34m[0m[0m
[1;32m    181[0m     [0mimages[0m [0;34m=[0m [0mdata[0m[0;34m[[0m[0;34m'current_image'[0m[0;34m][0m[0;34m.[0m[0mvalues[0m[0;34m[[0m[0;36m14[0m[0;34m:[0m[0;34m][0m[0;34m[[0m[0;34m~[0m[0mnp[0m[0;34m.[0m[0misnan[0m[0;34m([0m[0mstarts[0m[0;34m)[0m[0;34m][0m[0;34m[0m[0;34m[0m[0m

[0;32m/mnt/cup/people/ri4541/fmri/lib64/python3.6/site-packages/pandas/io/parsers.py[0m in [0;36mread_csv[0;34m(filepath_or_buffer, sep, delimiter, header, names, index_col, usecols, squeeze, prefix, mangle_dupe_cols, dtype, engine, converters, true_values, false_values, skipinitialspace, skiprows, skipfooter, nrows, na_values, keep_default_na, na_filter, verbose, skip_blank_lines, parse_dates, infer_datetime_format, keep_date_col, date_parser, dayfirst, cache_dates, iterator, chunksize, compression, thousands, decimal, lineterminator, quotechar, quoting, doublequote, escapechar, comment, encoding, dialect, error_bad_lines, warn_bad_lines, delim_whitespace, low_memory, memory_map, float_precision)[0m
[1;32m    686[0m     )
[1;32m    687[0m [0;34m[0m[0m
[0;32m--> 688[0;31m     [0;32mreturn[0m [0m_read[0m[0;34m([0m[0mfilepath_or_buffer[0m[0;34m,[0m [0mkwds[0m[0;34m)[0m[0;34m[0m[0;34m[0m[0m
[0m[1;32m    689[0m [0;34m[0m[0m
[1;32m    690[0m [0;34m[0m[0m

[0;32m/mnt/cup/people/ri4541/fmri/lib64/python3.6/site-packages/pandas/io/parsers.py[0m in [0;36m_read[0;34m(filepath_or_buffer, kwds)[0m
[1;32m    452[0m [0;34m[0m[0m
[1;32m    453[0m     [0;31m# Create the parser.[0m[0;34m[0m[0;34m[0m[0;34m[0m[0m
[0;32m--> 454[0;31m     [0mparser[0m [0;34m=[0m [0mTextFileReader[0m[0;34m([0m[0mfp_or_buf[0m[0;34m,[0m [0;34m**[0m[0mkwds[0m[0;34m)[0m[0;34m[0m[0;34m[0m[0m
[0m[1;32m    455[0m [0;34m[0m[0m
[1;32m    456[0m     [0;32mif[0m [0mchunksize[0m [0;32mor[0m [0miterator[0m[0;34m:[0m[0;34m[0m[0;34m[0m[0m

[0;32m/mnt/cup/people/ri4541/fmri/lib64/python3.6/site-packages/pandas/io/parsers.py[0m in [0;36m__init__[0;34m(self, f, engine, **kwds)[0m
[1;32m    946[0m             [0mself[0m[0;34m.[0m[0moptions[0m[0;34m[[0m[0;34m"has_index_names"[0m[0;34m][0m [0;34m=[0m [0mkwds[0m[0;34m[[0m[0;34m"has_index_names"[0m[0;34m][0m[0;34m[0m[0;34m[0m[0m
[1;32m    947[0m [0;34m[0m[0m
[0;32m--> 948[0;31m         [0mself[0m[0;34m.[0m[0m_make_engine[0m[0;34m([0m[0mself[0m[0;34m.[0m[0mengine[0m[0;34m)[0m[0;34m[0m[0;34m[0m[0m
[0m[1;32m    949[0m [0;34m[0m[0m
[1;32m    950[0m     [0;32mdef[0m [0mclose[0m[0;34m([0m[0mself[0m[0;34m)[0m[0;34m:[0m[0;34m[0m[0;34m[0m[0m

[0;32m/mnt/cup/people/ri4541/fmri/lib64/python3.6/site-packages/pandas/io/parsers.py[0m in [0;36m_make_engine[0;34m(self, engine)[0m
[1;32m   1178[0m     [0;32mdef[0m [0m_make_engine[0m[0;34m([0m[0mself[0m[0;34m,[0m [0mengine[0m[0;34m=[0m[0;34m"c"[0m[0;34m)[0m[0;34m:[0m[0;34m[0m[0;34m[0m[0m
[1;32m   1179[0m         [0;32mif[0m [0mengine[0m [0;34m==[0m [0;34m"c"[0m[0;34m:[0m[0;34m[0m[0;34m[0m[0m
[0;32m-> 1180[0;31m             [0mself[0m[0;34m.[0m[0m_engine[0m [0;34m=[0m [0mCParserWrapper[0m[0;34m([0m[0mself[0m[0;34m.[0m[0mf[0m[0;34m,[0m [0;34m**[0m[0mself[0m[0;34m.[0m[0moptions[0m[0;34m)[0m[0;34m[0m[0;34m[0m[0m
[0m[1;32m   1181[0m         [0;32melse[0m[0;34m:[0m[0;34m[0m[0;34m[0m[0m
[1;32m   1182[0m             [0;32mif[0m [0mengine[0m [0;34m==[0m [0;34m"python"[0m[0;34m:[0m[0;34m[0m[0;34m[0m[0m

[0;32m/mnt/cup/people/ri4541/fmri/lib64/python3.6/site-packages/pandas/io/parsers.py[0m in [0;36m__init__[0;34m(self, src, **kwds)[0m
[1;32m   2008[0m         [0mkwds[0m[0;34m[[0m[0;34m"usecols"[0m[0;34m][0m [0;34m=[0m [0mself[0m[0;34m.[0m[0musecols[0m[0;34m[0m[0;34m[0m[0m
[1;32m   2009[0m [0;34m[0m[0m
[0;32m-> 2010[0;31m         [0mself[0m[0;34m.[0m[0m_reader[0m [0;34m=[0m [0mparsers[0m[0;34m.[0m[0mTextReader[0m[0;34m([0m[0msrc[0m[0;34m,[0m [0;34m**[0m[0mkwds[0m[0;34m)[0m[0;34m[0m[0;34m[0m[0m
[0m[1;32m   2011[0m         [0mself[0m[0;34m.[0m[0munnamed_cols[0m [0;34m=[0m [0mself[0m[0;34m.[0m[0m_reader[0m[0;34m.[0m[0munnamed_cols[0m[0;34m[0m[0;34m[0m[0m
[1;32m   2012[0m [0;34m[0m[0m

[0;32mpandas/_libs/parsers.pyx[0m in [0;36mpandas._libs.parsers.TextReader.__cinit__[0;34m()[0m

[0;32mpandas/_libs/parsers.pyx[0m in [0;36mpandas._libs.parsers.TextReader._setup_parser_source[0;34m()[0m

[0;31mFileNotFoundError[0m: [Errno 2] No such file or directory: '/jukebox/norman/rsiyer/rtmindeye/data/bids/../design/csv/sub-003_ses-01.csv'
